<?xml version="1.0" encoding="UTF-8"?>
<!-- Generated by org.testng.reporters.JUnitXMLReporter -->
<testsuite hostname="nutes-Inspiron-7560" name="Command line test" tests="1" failures="1" timestamp="3 Mar 2020 13:56:53 GMT" time="3.682" errors="0">
  <testcase name="testSignIn" time="2.273" classname="docker.TestServiceLogin1">
    <failure type="org.openqa.selenium.NoSuchElementException" message="Cannot locate an element using id=login_email
For documentation on this error, please visit: https://www.seleniumhq.org/exceptions/no_such_element.html
Build info: version: &amp;apos;3.141.59&amp;apos;, revision: &amp;apos;e82be7d358&amp;apos;, time: &amp;apos;2018-11-14T08:17:03&amp;apos;
System info: host: &amp;apos;nutes-Inspiron-7560&amp;apos;, ip: &amp;apos;127.0.1.1&amp;apos;, os.name: &amp;apos;Linux&amp;apos;, os.arch: &amp;apos;amd64&amp;apos;, os.version: &amp;apos;5.0.0-38-generic&amp;apos;, java.version: &amp;apos;1.8.0_232&amp;apos;
Driver info: driver.version: RemoteWebDriver">
      <![CDATA[org.openqa.selenium.NoSuchElementException: Cannot locate an element using id=login_email
For documentation on this error, please visit: https://www.seleniumhq.org/exceptions/no_such_element.html
Build info: version: '3.141.59', revision: 'e82be7d358', time: '2018-11-14T08:17:03'
System info: host: 'nutes-Inspiron-7560', ip: '127.0.1.1', os.name: 'Linux', os.arch: 'amd64', os.version: '5.0.0-38-generic', java.version: '1.8.0_232'
Driver info: driver.version: RemoteWebDriver
	at org.openqa.selenium.remote.RemoteWebDriver.findElement(RemoteWebDriver.java:327)
	at org.openqa.selenium.remote.RemoteWebDriver.findElementById(RemoteWebDriver.java:372)
	at org.openqa.selenium.By$ById.findElement(By.java:188)
	at org.openqa.selenium.remote.RemoteWebDriver.findElement(RemoteWebDriver.java:315)
	at docker.TestServiceLogin1.ServiceLogin(TestServiceLogin1.java:19)
	at docker.TestServiceLogin1.testSignIn(TestServiceLogin1.java:46)
	at docker.ContainerRunner.runTest(ContainerRunner.java:77)
	at docker.ContainerRunner.main(ContainerRunner.java:66)
... Removed 21 stack frames]]>
    </failure>
  </testcase> <!-- testSignIn -->
</testsuite> <!-- Command line test -->
